<?xml version="1.0" encoding="UTF-8"?>
<testsuite xmlns:xsi="http://www.w3.org/2001/XMLSchema-instance" xsi:noNamespaceSchemaLocation="https://maven.apache.org/surefire/maven-surefire-plugin/xsd/surefire-test-report.xsd" name="com.huongdanjava.ramlspringmvc.RamlSpringMvcApplicationTests" time="0.186" tests="1" errors="1" skipped="0" failures="0">
  <properties>
[...]
</properties>
  <testcase name="com.huongdanjava.ramlspringmvc.RamlSpringMvcApplicationTests" classname="com.huongdanjava.ramlspringmvc.RamlSpringMvcApplicationTests" time="0.185">
    <error message="Unable to find a @SpringBootConfiguration, you need to use @ContextConfiguration or @SpringBootTest(classes=...) with your test" type="java.lang.IllegalStateException">java.lang.IllegalStateException: Unable to find a @SpringBootConfiguration, you need to use @ContextConfiguration or @SpringBootTest(classes=...) with your test
</error>
    <system-out><![CDATA[09:49:23.669 [main] DEBUG org.springframework.test.context.BootstrapUtils - Instantiating CacheAwareContextLoaderDelegate from class [org.springframework.test.context.cache.DefaultCacheAwareContextLoaderDelegate]
09:49:23.676 [main] DEBUG org.springframework.test.context.BootstrapUtils - Instantiating BootstrapContext using constructor [public org.springframework.test.context.support.DefaultBootstrapContext(java.lang.Class,org.springframework.test.context.CacheAwareContextLoaderDelegate)]
09:49:23.713 [main] DEBUG org.springframework.test.context.BootstrapUtils - Instantiating TestContextBootstrapper for test class [com.huongdanjava.ramlspringmvc.RamlSpringMvcApplicationTests] from class [org.springframework.boot.test.context.SpringBootTestContextBootstrapper]
09:49:23.721 [main] INFO org.springframework.boot.test.context.SpringBootTestContextBootstrapper - Neither @ContextConfiguration nor @ContextHierarchy found for test class [com.huongdanjava.ramlspringmvc.RamlSpringMvcApplicationTests], using SpringBootContextLoader
09:49:23.724 [main] DEBUG org.springframework.test.context.support.AbstractContextLoader - Did not detect default resource location for test class [com.huongdanjava.ramlspringmvc.RamlSpringMvcApplicationTests]: class path resource [com/huongdanjava/ramlspringmvc/RamlSpringMvcApplicationTests-context.xml] does not exist
09:49:23.724 [main] DEBUG org.springframework.test.context.support.AbstractContextLoader - Did not detect default resource location for test class [com.huongdanjava.ramlspringmvc.RamlSpringMvcApplicationTests]: class path resource [com/huongdanjava/ramlspringmvc/RamlSpringMvcApplicationTestsContext.groovy] does not exist
09:49:23.724 [main] INFO org.springframework.test.context.support.AbstractContextLoader - Could not detect default resource locations for test class [com.huongdanjava.ramlspringmvc.RamlSpringMvcApplicationTests]: no resource found for suffixes {-context.xml, Context.groovy}.
09:49:23.725 [main] INFO org.springframework.test.context.support.AnnotationConfigContextLoaderUtils - Could not detect default configuration classes for test class [com.huongdanjava.ramlspringmvc.RamlSpringMvcApplicationTests]: RamlSpringMvcApplicationTests does not declare any static, non-private, non-final, nested classes annotated with @Configuration.
09:49:23.758 [main] DEBUG org.springframework.test.context.support.ActiveProfilesUtils - Could not find an 'annotation declaring class' for annotation type [org.springframework.test.context.ActiveProfiles] and class [com.huongdanjava.ramlspringmvc.RamlSpringMvcApplicationTests]
]]></system-out>
  </testcase>
</testsuite>